# Logfile created on 2014-02-17 21:29:16 +0100 by logger.rb/v1.2.7
I, [2014-02-17T21:29:16.353348 #82857]  INFO -- : 2:  rake (0.9.2.2) from /opt/boxen/rbenv/versions/2.1.0-github1/lib/ruby/gems/2.1.0/specifications/rake-0.9.2.2.gemspec
I, [2014-02-17T21:29:16.353475 #82859]  INFO -- : 4:  addressable (2.3.5) from /opt/boxen/rbenv/versions/2.1.0-github1/lib/ruby/gems/2.1.0/specifications/addressable-2.3.5.gemspec
I, [2014-02-17T21:29:16.353426 #82856]  INFO -- : 1:  ffi (1.9.3) from /opt/boxen/rbenv/versions/2.1.0-github1/lib/ruby/gems/2.1.0/specifications/ffi-1.9.3.gemspec
I, [2014-02-17T21:29:16.353510 #82861]  INFO -- : 6:  builder (3.2.2) from /opt/boxen/rbenv/versions/2.1.0-github1/lib/ruby/gems/2.1.0/specifications/builder-3.2.2.gemspec
I, [2014-02-17T21:29:16.353645 #82858]  INFO -- : 3:  coderay (1.0.9) from /opt/boxen/rbenv/versions/2.1.0-github1/lib/ruby/gems/2.1.0/specifications/coderay-1.0.9.gemspec
I, [2014-02-17T21:29:16.354342 #82860]  INFO -- : 5:  diff-lcs (1.2.4) from /opt/boxen/rbenv/versions/2.1.0-github1/lib/ruby/gems/2.1.0/specifications/diff-lcs-1.2.4.gemspec
I, [2014-02-17T21:29:16.354535 #82862]  INFO -- : 7:  safe_yaml (0.9.7) from /opt/boxen/rbenv/versions/2.1.0-github1/lib/ruby/gems/2.1.0/specifications/safe_yaml-0.9.7.gemspec
I, [2014-02-17T21:29:16.355103 #82855]  INFO -- : 0:  json (1.8.1) from /opt/boxen/rbenv/versions/2.1.0-github1/lib/ruby/gems/2.1.0/specifications/default/json-1.8.1.gemspec
I, [2014-02-17T21:29:16.355458 #82856]  INFO -- : 1:  method_source (0.8.2) from /opt/boxen/rbenv/versions/2.1.0-github1/lib/ruby/gems/2.1.0/specifications/method_source-0.8.2.gemspec
I, [2014-02-17T21:29:16.355492 #82861]  INFO -- : 6:  multi_json (1.8.4) from /opt/boxen/rbenv/versions/2.1.0-github1/lib/ruby/gems/2.1.0/specifications/multi_json-1.8.4.gemspec
I, [2014-02-17T21:29:16.355622 #82859]  INFO -- : 4:  slop (3.4.6) from /opt/boxen/rbenv/versions/2.1.0-github1/lib/ruby/gems/2.1.0/specifications/slop-3.4.6.gemspec
I, [2014-02-17T21:29:16.356022 #82860]  INFO -- : 5:  rspec-core (2.14.6) from /opt/boxen/rbenv/versions/2.1.0-github1/lib/ruby/gems/2.1.0/specifications/rspec-core-2.14.6.gemspec
I, [2014-02-17T21:29:16.356100 #82858]  INFO -- : 3:  rack (1.5.2) from /opt/boxen/rbenv/versions/2.1.0-github1/lib/ruby/gems/2.1.0/specifications/rack-1.5.2.gemspec
I, [2014-02-17T21:29:16.356181 #82857]  INFO -- : 2:  rspec-mocks (2.14.4) from /opt/boxen/rbenv/versions/2.1.0-github1/lib/ruby/gems/2.1.0/specifications/rspec-mocks-2.14.4.gemspec
I, [2014-02-17T21:29:16.356200 #82862]  INFO -- : 7:  rubyzip (1.1.0) from /opt/boxen/rbenv/versions/2.1.0-github1/lib/ruby/gems/2.1.0/specifications/rubyzip-1.1.0.gemspec
I, [2014-02-17T21:29:16.356568 #82856]  INFO -- : 1:  bundler (1.5.1) from /opt/boxen/rbenv/versions/2.1.0-github1/lib/ruby/gems/2.1.0/specifications/bundler-1.5.1.gemspec
I, [2014-02-17T21:29:16.356594 #82859]  INFO -- : 4:  ci_reporter (1.6.9) from /opt/boxen/rbenv/versions/2.1.0-github1/lib/ruby/gems/2.1.0/specifications/ci_reporter-1.6.9.gemspec
I, [2014-02-17T21:29:16.356734 #82855]  INFO -- : 0:  websocket (1.0.7) from /opt/boxen/rbenv/versions/2.1.0-github1/lib/ruby/gems/2.1.0/specifications/websocket-1.0.7.gemspec
I, [2014-02-17T21:29:16.356707 #82861]  INFO -- : 6:  childprocess (0.5.0) from /opt/boxen/rbenv/versions/2.1.0-github1/lib/ruby/gems/2.1.0/specifications/childprocess-0.5.0.gemspec
I, [2014-02-17T21:29:16.357013 #82858]  INFO -- : 3:  crack (0.4.1) from /opt/boxen/rbenv/versions/2.1.0-github1/lib/ruby/gems/2.1.0/specifications/crack-0.4.1.gemspec
I, [2014-02-17T21:29:16.357149 #82860]  INFO -- : 5:  rspec-expectations (2.14.3) from /opt/boxen/rbenv/versions/2.1.0-github1/lib/ruby/gems/2.1.0/specifications/rspec-expectations-2.14.3.gemspec
I, [2014-02-17T21:29:16.357364 #82857]  INFO -- : 2:  pry (0.9.12.2) from /opt/boxen/rbenv/versions/2.1.0-github1/lib/ruby/gems/2.1.0/specifications/pry-0.9.12.2.gemspec
I, [2014-02-17T21:29:16.357975 #82859]  INFO -- : 4:  webmock (1.7.10) from /opt/boxen/rbenv/versions/2.1.0-github1/lib/ruby/gems/2.1.0/specifications/webmock-1.7.10.gemspec
I, [2014-02-17T21:29:16.358159 #82861]  INFO -- : 6:  rspec (2.14.1) from /opt/boxen/rbenv/versions/2.1.0-github1/lib/ruby/gems/2.1.0/specifications/rspec-2.14.1.gemspec
I, [2014-02-17T21:29:16.663167 #82862]  INFO -- : 7:  selenium-webdriver (2.40.0.rc1) from /Users/fijabakk/src/selenium-travis/selenium-webdriver/selenium-webdriver.gemspec
I, [2014-02-17T22:09:39.106056 #2792]  INFO -- : 6:  builder (3.2.2) from /opt/boxen/rbenv/versions/2.1.0-github1/lib/ruby/gems/2.1.0/specifications/builder-3.2.2.gemspec
I, [2014-02-17T22:09:39.106105 #2788]  INFO -- : 2:  rake (0.9.2.2) from /opt/boxen/rbenv/versions/2.1.0-github1/lib/ruby/gems/2.1.0/specifications/rake-0.9.2.2.gemspec
I, [2014-02-17T22:09:39.106057 #2787]  INFO -- : 1:  safe_yaml (0.9.7) from /opt/boxen/rbenv/versions/2.1.0-github1/lib/ruby/gems/2.1.0/specifications/safe_yaml-0.9.7.gemspec
I, [2014-02-17T22:09:39.106447 #2790]  INFO -- : 4:  addressable (2.3.5) from /opt/boxen/rbenv/versions/2.1.0-github1/lib/ruby/gems/2.1.0/specifications/addressable-2.3.5.gemspec
I, [2014-02-17T22:09:39.106631 #2793]  INFO -- : 7:  ffi (1.9.3) from /opt/boxen/rbenv/versions/2.1.0-github1/lib/ruby/gems/2.1.0/specifications/ffi-1.9.3.gemspec
I, [2014-02-17T22:09:39.107031 #2791]  INFO -- : 5:  diff-lcs (1.2.4) from /opt/boxen/rbenv/versions/2.1.0-github1/lib/ruby/gems/2.1.0/specifications/diff-lcs-1.2.4.gemspec
I, [2014-02-17T22:09:39.107562 #2789]  INFO -- : 3:  coderay (1.0.9) from /opt/boxen/rbenv/versions/2.1.0-github1/lib/ruby/gems/2.1.0/specifications/coderay-1.0.9.gemspec
I, [2014-02-17T22:09:39.108043 #2786]  INFO -- : 0:  json (1.8.1) from /opt/boxen/rbenv/versions/2.1.0-github1/lib/ruby/gems/2.1.0/specifications/default/json-1.8.1.gemspec
I, [2014-02-17T22:09:39.108318 #2790]  INFO -- : 4:  method_source (0.8.2) from /opt/boxen/rbenv/versions/2.1.0-github1/lib/ruby/gems/2.1.0/specifications/method_source-0.8.2.gemspec
I, [2014-02-17T22:09:39.108469 #2788]  INFO -- : 2:  multi_json (1.8.4) from /opt/boxen/rbenv/versions/2.1.0-github1/lib/ruby/gems/2.1.0/specifications/multi_json-1.8.4.gemspec
I, [2014-02-17T22:09:39.108961 #2787]  INFO -- : 1:  slop (3.4.6) from /opt/boxen/rbenv/versions/2.1.0-github1/lib/ruby/gems/2.1.0/specifications/slop-3.4.6.gemspec
I, [2014-02-17T22:09:39.109106 #2792]  INFO -- : 6:  rack (1.5.2) from /opt/boxen/rbenv/versions/2.1.0-github1/lib/ruby/gems/2.1.0/specifications/rack-1.5.2.gemspec
I, [2014-02-17T22:09:39.109196 #2789]  INFO -- : 3:  rspec-core (2.14.6) from /opt/boxen/rbenv/versions/2.1.0-github1/lib/ruby/gems/2.1.0/specifications/rspec-core-2.14.6.gemspec
I, [2014-02-17T22:09:39.109482 #2793]  INFO -- : 7:  rspec-mocks (2.14.4) from /opt/boxen/rbenv/versions/2.1.0-github1/lib/ruby/gems/2.1.0/specifications/rspec-mocks-2.14.4.gemspec
I, [2014-02-17T22:09:39.109539 #2786]  INFO -- : 0:  bundler (1.5.1) from /opt/boxen/rbenv/versions/2.1.0-github1/lib/ruby/gems/2.1.0/specifications/bundler-1.5.1.gemspec
I, [2014-02-17T22:09:39.109698 #2788]  INFO -- : 2:  websocket (1.0.7) from /opt/boxen/rbenv/versions/2.1.0-github1/lib/ruby/gems/2.1.0/specifications/websocket-1.0.7.gemspec
I, [2014-02-17T22:09:39.109801 #2790]  INFO -- : 4:  rubyzip (1.1.0) from /opt/boxen/rbenv/versions/2.1.0-github1/lib/ruby/gems/2.1.0/specifications/rubyzip-1.1.0.gemspec
I, [2014-02-17T22:09:39.110023 #2787]  INFO -- : 1:  ci_reporter (1.6.9) from /opt/boxen/rbenv/versions/2.1.0-github1/lib/ruby/gems/2.1.0/specifications/ci_reporter-1.6.9.gemspec
I, [2014-02-17T22:09:39.110017 #2791]  INFO -- : 5:  crack (0.4.1) from /opt/boxen/rbenv/versions/2.1.0-github1/lib/ruby/gems/2.1.0/specifications/crack-0.4.1.gemspec
I, [2014-02-17T22:09:39.110318 #2789]  INFO -- : 3:  childprocess (0.5.0) from /opt/boxen/rbenv/versions/2.1.0-github1/lib/ruby/gems/2.1.0/specifications/childprocess-0.5.0.gemspec
I, [2014-02-17T22:09:39.110358 #2792]  INFO -- : 6:  rspec-expectations (2.14.3) from /opt/boxen/rbenv/versions/2.1.0-github1/lib/ruby/gems/2.1.0/specifications/rspec-expectations-2.14.3.gemspec
I, [2014-02-17T22:09:39.110699 #2786]  INFO -- : 0:  pry (0.9.12.2) from /opt/boxen/rbenv/versions/2.1.0-github1/lib/ruby/gems/2.1.0/specifications/pry-0.9.12.2.gemspec
I, [2014-02-17T22:09:39.110834 #2788]  INFO -- : 2:  webmock (1.7.10) from /opt/boxen/rbenv/versions/2.1.0-github1/lib/ruby/gems/2.1.0/specifications/webmock-1.7.10.gemspec
I, [2014-02-17T22:09:39.111289 #2789]  INFO -- : 3:  rspec (2.14.1) from /opt/boxen/rbenv/versions/2.1.0-github1/lib/ruby/gems/2.1.0/specifications/rspec-2.14.1.gemspec
I, [2014-02-17T22:09:39.427822 #2790]  INFO -- : 4:  selenium-webdriver (2.40.0.rc1) from /Users/fijabakk/src/selenium-travis/selenium-webdriver/selenium-webdriver.gemspec
I, [2014-02-17T23:12:36.283673 #5358]  INFO -- : 2:  rake (0.9.2.2) from /opt/boxen/rbenv/versions/2.1.0-github1/lib/ruby/gems/2.1.0/specifications/rake-0.9.2.2.gemspec
I, [2014-02-17T23:12:36.283683 #5356]  INFO -- : 0:  coderay (1.0.9) from /opt/boxen/rbenv/versions/2.1.0-github1/lib/ruby/gems/2.1.0/specifications/coderay-1.0.9.gemspec
I, [2014-02-17T23:12:36.283673 #5357]  INFO -- : 1:  diff-lcs (1.2.4) from /opt/boxen/rbenv/versions/2.1.0-github1/lib/ruby/gems/2.1.0/specifications/diff-lcs-1.2.4.gemspec
I, [2014-02-17T23:12:36.283736 #5360]  INFO -- : 4:  safe_yaml (0.9.7) from /opt/boxen/rbenv/versions/2.1.0-github1/lib/ruby/gems/2.1.0/specifications/safe_yaml-0.9.7.gemspec
I, [2014-02-17T23:12:36.283742 #5362]  INFO -- : 6:  ffi (1.9.3) from /opt/boxen/rbenv/versions/2.1.0-github1/lib/ruby/gems/2.1.0/specifications/ffi-1.9.3.gemspec
I, [2014-02-17T23:12:36.283776 #5359]  INFO -- : 3:  addressable (2.3.5) from /opt/boxen/rbenv/versions/2.1.0-github1/lib/ruby/gems/2.1.0/specifications/addressable-2.3.5.gemspec
I, [2014-02-17T23:12:36.284867 #5361]  INFO -- : 5:  builder (3.2.2) from /opt/boxen/rbenv/versions/2.1.0-github1/lib/ruby/gems/2.1.0/specifications/builder-3.2.2.gemspec
I, [2014-02-17T23:12:36.285115 #5357]  INFO -- : 1:  method_source (0.8.2) from /opt/boxen/rbenv/versions/2.1.0-github1/lib/ruby/gems/2.1.0/specifications/method_source-0.8.2.gemspec
I, [2014-02-17T23:12:36.285212 #5360]  INFO -- : 4:  multi_json (1.8.4) from /opt/boxen/rbenv/versions/2.1.0-github1/lib/ruby/gems/2.1.0/specifications/multi_json-1.8.4.gemspec
I, [2014-02-17T23:12:36.285623 #5363]  INFO -- : 7:  json (1.8.1) from /opt/boxen/rbenv/versions/2.1.0-github1/lib/ruby/gems/2.1.0/specifications/default/json-1.8.1.gemspec
I, [2014-02-17T23:12:36.285792 #5362]  INFO -- : 6:  rack (1.5.2) from /opt/boxen/rbenv/versions/2.1.0-github1/lib/ruby/gems/2.1.0/specifications/rack-1.5.2.gemspec
I, [2014-02-17T23:12:36.285667 #5358]  INFO -- : 2:  slop (3.4.6) from /opt/boxen/rbenv/versions/2.1.0-github1/lib/ruby/gems/2.1.0/specifications/slop-3.4.6.gemspec
I, [2014-02-17T23:12:36.286025 #5356]  INFO -- : 0:  rspec-core (2.14.6) from /opt/boxen/rbenv/versions/2.1.0-github1/lib/ruby/gems/2.1.0/specifications/rspec-core-2.14.6.gemspec
I, [2014-02-17T23:12:36.286133 #5359]  INFO -- : 3:  rspec-mocks (2.14.4) from /opt/boxen/rbenv/versions/2.1.0-github1/lib/ruby/gems/2.1.0/specifications/rspec-mocks-2.14.4.gemspec
I, [2014-02-17T23:12:36.286324 #5357]  INFO -- : 1:  rubyzip (1.1.0) from /opt/boxen/rbenv/versions/2.1.0-github1/lib/ruby/gems/2.1.0/specifications/rubyzip-1.1.0.gemspec
I, [2014-02-17T23:12:36.286517 #5360]  INFO -- : 4:  websocket (1.0.7) from /opt/boxen/rbenv/versions/2.1.0-github1/lib/ruby/gems/2.1.0/specifications/websocket-1.0.7.gemspec
I, [2014-02-17T23:12:36.286978 #5358]  INFO -- : 2:  crack (0.4.1) from /opt/boxen/rbenv/versions/2.1.0-github1/lib/ruby/gems/2.1.0/specifications/crack-0.4.1.gemspec
I, [2014-02-17T23:12:36.287057 #5362]  INFO -- : 6:  rspec-expectations (2.14.3) from /opt/boxen/rbenv/versions/2.1.0-github1/lib/ruby/gems/2.1.0/specifications/rspec-expectations-2.14.3.gemspec
I, [2014-02-17T23:12:36.287098 #5356]  INFO -- : 0:  childprocess (0.5.0) from /opt/boxen/rbenv/versions/2.1.0-github1/lib/ruby/gems/2.1.0/specifications/childprocess-0.5.0.gemspec
I, [2014-02-17T23:12:36.287235 #5361]  INFO -- : 5:  bundler (1.5.1) from /opt/boxen/rbenv/versions/2.1.0-github1/lib/ruby/gems/2.1.0/specifications/bundler-1.5.1.gemspec
I, [2014-02-17T23:12:36.287229 #5359]  INFO -- : 3:  ci_reporter (1.6.9) from /opt/boxen/rbenv/versions/2.1.0-github1/lib/ruby/gems/2.1.0/specifications/ci_reporter-1.6.9.gemspec
I, [2014-02-17T23:12:36.287508 #5357]  INFO -- : 1:  pry (0.9.12.2) from /opt/boxen/rbenv/versions/2.1.0-github1/lib/ruby/gems/2.1.0/specifications/pry-0.9.12.2.gemspec
I, [2014-02-17T23:12:36.288217 #5358]  INFO -- : 2:  rspec (2.14.1) from /opt/boxen/rbenv/versions/2.1.0-github1/lib/ruby/gems/2.1.0/specifications/rspec-2.14.1.gemspec
I, [2014-02-17T23:12:36.288289 #5360]  INFO -- : 4:  webmock (1.7.10) from /opt/boxen/rbenv/versions/2.1.0-github1/lib/ruby/gems/2.1.0/specifications/webmock-1.7.10.gemspec
I, [2014-02-17T23:12:36.576065 #5359]  INFO -- : 3:  selenium-webdriver (2.40.0.rc2) from /Users/fijabakk/src/selenium-travis/selenium-webdriver/selenium-webdriver.gemspec
I, [2014-02-19T22:33:03.494228 #24791]  INFO -- : 1:  addressable (2.3.3) from /opt/boxen/rbenv/versions/2.1.0-github1/lib/ruby/gems/2.1.0/specifications/addressable-2.3.3.gemspec
I, [2014-02-19T22:33:03.494623 #24793]  INFO -- : 3:  builder (3.2.0) from /opt/boxen/rbenv/versions/2.1.0-github1/lib/ruby/gems/2.1.0/specifications/builder-3.2.0.gemspec
I, [2014-02-19T22:33:03.494228 #24792]  INFO -- : 2:  rake (0.9.2.2) from /opt/boxen/rbenv/versions/2.1.0-github1/lib/ruby/gems/2.1.0/specifications/rake-0.9.2.2.gemspec
I, [2014-02-19T22:33:03.496737 #24790]  INFO -- : 0:  ffi (1.9.3) from /opt/boxen/rbenv/versions/2.1.0-github1/lib/ruby/gems/2.1.0/specifications/ffi-1.9.3.gemspec
I, [2014-02-19T22:33:03.497315 #24793]  INFO -- : 3:  coderay (1.0.9) from /opt/boxen/rbenv/versions/2.1.0-github1/lib/ruby/gems/2.1.0/specifications/coderay-1.0.9.gemspec
I, [2014-02-19T22:33:03.497573 #24791]  INFO -- : 1:  diff-lcs (1.2.2) from /opt/boxen/rbenv/versions/2.1.0-github1/lib/ruby/gems/2.1.0/specifications/diff-lcs-1.2.2.gemspec
I, [2014-02-19T22:33:03.497918 #24792]  INFO -- : 2:  crack (0.3.2) from /opt/boxen/rbenv/versions/2.1.0-github1/lib/ruby/gems/2.1.0/specifications/crack-0.3.2.gemspec
I, [2014-02-19T22:33:03.498401 #24790]  INFO -- : 0:  json (1.7.7) from /opt/boxen/rbenv/versions/2.1.0-github1/lib/ruby/gems/2.1.0/specifications/json-1.7.7.gemspec
I, [2014-02-19T22:33:03.498369 #24793]  INFO -- : 3:  method_source (0.8.1) from /opt/boxen/rbenv/versions/2.1.0-github1/lib/ruby/gems/2.1.0/specifications/method_source-0.8.1.gemspec
I, [2014-02-19T22:33:03.498874 #24791]  INFO -- : 1:  multi_json (1.8.4) from /opt/boxen/rbenv/versions/2.1.0-github1/lib/ruby/gems/2.1.0/specifications/multi_json-1.8.4.gemspec
I, [2014-02-19T22:33:03.499292 #24790]  INFO -- : 0:  rack (1.5.2) from /opt/boxen/rbenv/versions/2.1.0-github1/lib/ruby/gems/2.1.0/specifications/rack-1.5.2.gemspec
I, [2014-02-19T22:33:03.499445 #24792]  INFO -- : 2:  slop (3.4.4) from /opt/boxen/rbenv/versions/2.1.0-github1/lib/ruby/gems/2.1.0/specifications/slop-3.4.4.gemspec
I, [2014-02-19T22:33:03.499805 #24793]  INFO -- : 3:  rspec-core (2.13.1) from /opt/boxen/rbenv/versions/2.1.0-github1/lib/ruby/gems/2.1.0/specifications/rspec-core-2.13.1.gemspec
I, [2014-02-19T22:33:03.500360 #24791]  INFO -- : 1:  rspec-mocks (2.13.1) from /opt/boxen/rbenv/versions/2.1.0-github1/lib/ruby/gems/2.1.0/specifications/rspec-mocks-2.13.1.gemspec
I, [2014-02-19T22:33:03.500620 #24790]  INFO -- : 0:  rubyzip (1.1.0) from /opt/boxen/rbenv/versions/2.1.0-github1/lib/ruby/gems/2.1.0/specifications/rubyzip-1.1.0.gemspec
I, [2014-02-19T22:33:03.501063 #24792]  INFO -- : 2:  websocket (1.0.7) from /opt/boxen/rbenv/versions/2.1.0-github1/lib/ruby/gems/2.1.0/specifications/websocket-1.0.7.gemspec
I, [2014-02-19T22:33:03.501100 #24793]  INFO -- : 3:  bundler (1.5.1) from /opt/boxen/rbenv/versions/2.1.0-github1/lib/ruby/gems/2.1.0/specifications/bundler-1.5.1.gemspec
I, [2014-02-19T22:33:03.502408 #24791]  INFO -- : 1:  ci_reporter (1.6.9) from /opt/boxen/rbenv/versions/2.1.0-github1/lib/ruby/gems/2.1.0/specifications/ci_reporter-1.6.9.gemspec
I, [2014-02-19T22:33:03.502604 #24792]  INFO -- : 2:  rspec-expectations (2.13.0) from /opt/boxen/rbenv/versions/2.1.0-github1/lib/ruby/gems/2.1.0/specifications/rspec-expectations-2.13.0.gemspec
I, [2014-02-19T22:33:03.502840 #24793]  INFO -- : 3:  webmock (1.7.10) from /opt/boxen/rbenv/versions/2.1.0-github1/lib/ruby/gems/2.1.0/specifications/webmock-1.7.10.gemspec
I, [2014-02-19T22:33:03.502406 #24790]  INFO -- : 0:  childprocess (0.5.1) from /opt/boxen/rbenv/versions/2.1.0-github1/lib/ruby/gems/2.1.0/specifications/childprocess-0.5.1.gemspec
I, [2014-02-19T22:33:03.503974 #24791]  INFO -- : 1:  pry (0.9.12) from /opt/boxen/rbenv/versions/2.1.0-github1/lib/ruby/gems/2.1.0/specifications/pry-0.9.12.gemspec
I, [2014-02-19T22:33:03.504271 #24793]  INFO -- : 3:  rspec (2.13.0) from /opt/boxen/rbenv/versions/2.1.0-github1/lib/ruby/gems/2.1.0/specifications/rspec-2.13.0.gemspec
I, [2014-02-19T22:33:04.281691 #24792]  INFO -- : 2:  selenium-webdriver (2.40.0) from /Users/jari/src/selenium-travis/selenium-webdriver/selenium-webdriver.gemspec
I, [2014-03-27T19:23:44.127807 #52657]  INFO -- : 1:  ffi (1.9.3) from /opt/boxen/rbenv/versions/2.1.0-github1/lib/ruby/gems/2.1.0/specifications/ffi-1.9.3.gemspec
I, [2014-03-27T19:23:44.129487 #52657]  INFO -- : 1:  method_source (0.8.2) from /opt/boxen/rbenv/versions/2.1.0-github1/lib/ruby/gems/2.1.0/specifications/method_source-0.8.2.gemspec
I, [2014-03-27T19:23:44.129474 #52659]  INFO -- : 3:  diff-lcs (1.2.4) from /opt/boxen/rbenv/versions/2.1.0-github1/lib/ruby/gems/2.1.0/specifications/diff-lcs-1.2.4.gemspec
I, [2014-03-27T19:23:44.129358 #52658]  INFO -- : 2:  rake (0.9.2.2) from /opt/boxen/rbenv/versions/2.1.0-github1/lib/ruby/gems/2.1.0/specifications/rake-0.9.2.2.gemspec
I, [2014-03-27T19:23:44.129321 #52656]  INFO -- : 0:  coderay (1.0.9) from /opt/boxen/rbenv/versions/2.1.0-github1/lib/ruby/gems/2.1.0/specifications/coderay-1.0.9.gemspec
I, [2014-03-27T19:23:44.129799 #52661]  INFO -- : 5:  builder (3.2.2) from /opt/boxen/rbenv/versions/2.1.0-github1/lib/ruby/gems/2.1.0/specifications/builder-3.2.2.gemspec
I, [2014-03-27T19:23:44.130228 #52662]  INFO -- : 6:  safe_yaml (0.9.7) from /opt/boxen/rbenv/versions/2.1.0-github1/lib/ruby/gems/2.1.0/specifications/safe_yaml-0.9.7.gemspec
I, [2014-03-27T19:23:44.130480 #52657]  INFO -- : 1:  multi_json (1.9.2) from /opt/boxen/rbenv/versions/2.1.0-github1/lib/ruby/gems/2.1.0/specifications/multi_json-1.9.2.gemspec
I, [2014-03-27T19:23:44.131141 #52658]  INFO -- : 2:  rack (1.5.2) from /opt/boxen/rbenv/versions/2.1.0-github1/lib/ruby/gems/2.1.0/specifications/rack-1.5.2.gemspec
I, [2014-03-27T19:23:44.131153 #52656]  INFO -- : 0:  slop (3.4.6) from /opt/boxen/rbenv/versions/2.1.0-github1/lib/ruby/gems/2.1.0/specifications/slop-3.4.6.gemspec
I, [2014-03-27T19:23:44.131414 #52661]  INFO -- : 5:  rspec-core (2.14.6) from /opt/boxen/rbenv/versions/2.1.0-github1/lib/ruby/gems/2.1.0/specifications/rspec-core-2.14.6.gemspec
I, [2014-03-27T19:23:44.131546 #52657]  INFO -- : 1:  rspec-mocks (2.14.4) from /opt/boxen/rbenv/versions/2.1.0-github1/lib/ruby/gems/2.1.0/specifications/rspec-mocks-2.14.4.gemspec
I, [2014-03-27T19:23:44.131981 #52658]  INFO -- : 2:  bundler (1.5.1) from /opt/boxen/rbenv/versions/2.1.0-github1/lib/ruby/gems/2.1.0/specifications/bundler-1.5.1.gemspec
I, [2014-03-27T19:23:44.131967 #52662]  INFO -- : 6:  rubyzip (1.1.0) from /opt/boxen/rbenv/versions/2.1.0-github1/lib/ruby/gems/2.1.0/specifications/rubyzip-1.1.0.gemspec
I, [2014-03-27T19:23:44.132119 #52659]  INFO -- : 3:  websocket (1.0.7) from /opt/boxen/rbenv/versions/2.1.0-github1/lib/ruby/gems/2.1.0/specifications/websocket-1.0.7.gemspec
I, [2014-03-27T19:23:44.132357 #52660]  INFO -- : 4:  addressable (2.3.5) from /opt/boxen/rbenv/versions/2.1.0-github1/lib/ruby/gems/2.1.0/specifications/addressable-2.3.5.gemspec
I, [2014-03-27T19:23:44.133119 #52657]  INFO -- : 1:  ci_reporter (1.6.9) from /opt/boxen/rbenv/versions/2.1.0-github1/lib/ruby/gems/2.1.0/specifications/ci_reporter-1.6.9.gemspec
I, [2014-03-27T19:23:44.133139 #52656]  INFO -- : 0:  childprocess (0.5.1) from /opt/boxen/rbenv/versions/2.1.0-github1/lib/ruby/gems/2.1.0/specifications/childprocess-0.5.1.gemspec
I, [2014-03-27T19:23:44.133235 #52659]  INFO -- : 3:  crack (0.4.1) from /opt/boxen/rbenv/versions/2.1.0-github1/lib/ruby/gems/2.1.0/specifications/crack-0.4.1.gemspec
I, [2014-03-27T19:23:44.133322 #52658]  INFO -- : 2:  pry (0.9.12.2) from /opt/boxen/rbenv/versions/2.1.0-github1/lib/ruby/gems/2.1.0/specifications/pry-0.9.12.2.gemspec
I, [2014-03-27T19:23:44.133529 #52661]  INFO -- : 5:  rspec-expectations (2.14.3) from /opt/boxen/rbenv/versions/2.1.0-github1/lib/ruby/gems/2.1.0/specifications/rspec-expectations-2.14.3.gemspec
I, [2014-03-27T19:23:44.134543 #52656]  INFO -- : 0:  webmock (1.7.10) from /opt/boxen/rbenv/versions/2.1.0-github1/lib/ruby/gems/2.1.0/specifications/webmock-1.7.10.gemspec
I, [2014-03-27T19:23:44.134768 #52657]  INFO -- : 1:  rspec (2.14.1) from /opt/boxen/rbenv/versions/2.1.0-github1/lib/ruby/gems/2.1.0/specifications/rspec-2.14.1.gemspec
I, [2014-03-27T19:23:44.134834 #52663]  INFO -- : 7:  json (1.8.1) from /opt/boxen/rbenv/versions/2.1.0-github1/lib/ruby/gems/2.1.0/specifications/default/json-1.8.1.gemspec
I, [2014-03-27T19:23:44.443058 #52662]  INFO -- : 6:  selenium-webdriver (2.40.0) from /Users/fijabakk/src/selenium-travis/selenium-webdriver/selenium-webdriver.gemspec
I, [2014-05-23T11:34:53.602394 #70837]  INFO -- : 2:  rake (0.9.2.2) from /opt/boxen/rbenv/versions/2.1.0-github1/lib/ruby/gems/2.1.0/specifications/rake-0.9.2.2.gemspec
I, [2014-05-23T11:34:53.602405 #70835]  INFO -- : 0:  ffi (1.9.3) from /opt/boxen/rbenv/versions/2.1.0-github1/lib/ruby/gems/2.1.0/specifications/ffi-1.9.3.gemspec
I, [2014-05-23T11:34:53.602718 #70836]  INFO -- : 1:  addressable (2.3.3) from /opt/boxen/rbenv/versions/2.1.0-github1/lib/ruby/gems/2.1.0/specifications/addressable-2.3.3.gemspec
I, [2014-05-23T11:34:53.604108 #70838]  INFO -- : 3:  builder (3.2.0) from /opt/boxen/rbenv/versions/2.1.0-github1/lib/ruby/gems/2.1.0/specifications/builder-3.2.0.gemspec
I, [2014-05-23T11:34:53.605265 #70835]  INFO -- : 0:  coderay (1.0.9) from /opt/boxen/rbenv/versions/2.1.0-github1/lib/ruby/gems/2.1.0/specifications/coderay-1.0.9.gemspec
I, [2014-05-23T11:34:53.605289 #70836]  INFO -- : 1:  diff-lcs (1.2.2) from /opt/boxen/rbenv/versions/2.1.0-github1/lib/ruby/gems/2.1.0/specifications/diff-lcs-1.2.2.gemspec
I, [2014-05-23T11:34:53.605252 #70837]  INFO -- : 2:  crack (0.3.2) from /opt/boxen/rbenv/versions/2.1.0-github1/lib/ruby/gems/2.1.0/specifications/crack-0.3.2.gemspec
I, [2014-05-23T11:34:53.606098 #70838]  INFO -- : 3:  json (1.7.7) from /opt/boxen/rbenv/versions/2.1.0-github1/lib/ruby/gems/2.1.0/specifications/json-1.7.7.gemspec
I, [2014-05-23T11:34:53.606726 #70835]  INFO -- : 0:  method_source (0.8.1) from /opt/boxen/rbenv/versions/2.1.0-github1/lib/ruby/gems/2.1.0/specifications/method_source-0.8.1.gemspec
I, [2014-05-23T11:34:53.606769 #70836]  INFO -- : 1:  multi_json (1.8.4) from /opt/boxen/rbenv/versions/2.1.0-github1/lib/ruby/gems/2.1.0/specifications/multi_json-1.8.4.gemspec
I, [2014-05-23T11:34:53.607976 #70838]  INFO -- : 3:  rack (1.5.2) from /opt/boxen/rbenv/versions/2.1.0-github1/lib/ruby/gems/2.1.0/specifications/rack-1.5.2.gemspec
I, [2014-05-23T11:34:53.607961 #70837]  INFO -- : 2:  slop (3.4.4) from /opt/boxen/rbenv/versions/2.1.0-github1/lib/ruby/gems/2.1.0/specifications/slop-3.4.4.gemspec
I, [2014-05-23T11:34:53.608204 #70836]  INFO -- : 1:  rspec-core (2.13.1) from /opt/boxen/rbenv/versions/2.1.0-github1/lib/ruby/gems/2.1.0/specifications/rspec-core-2.13.1.gemspec
I, [2014-05-23T11:34:53.609242 #70837]  INFO -- : 2:  rubyzip (1.1.0) from /opt/boxen/rbenv/versions/2.1.0-github1/lib/ruby/gems/2.1.0/specifications/rubyzip-1.1.0.gemspec
I, [2014-05-23T11:34:53.609265 #70838]  INFO -- : 3:  rspec-mocks (2.13.1) from /opt/boxen/rbenv/versions/2.1.0-github1/lib/ruby/gems/2.1.0/specifications/rspec-mocks-2.13.1.gemspec
I, [2014-05-23T11:34:53.609337 #70835]  INFO -- : 0:  websocket (1.0.7) from /opt/boxen/rbenv/versions/2.1.0-github1/lib/ruby/gems/2.1.0/specifications/websocket-1.0.7.gemspec
I, [2014-05-23T11:34:53.610183 #70836]  INFO -- : 1:  bundler (1.5.1) from /opt/boxen/rbenv/versions/2.1.0-github1/lib/ruby/gems/2.1.0/specifications/bundler-1.5.1.gemspec
I, [2014-05-23T11:34:53.610332 #70835]  INFO -- : 0:  childprocess (0.5.1) from /opt/boxen/rbenv/versions/2.1.0-github1/lib/ruby/gems/2.1.0/specifications/childprocess-0.5.1.gemspec
I, [2014-05-23T11:34:53.610502 #70837]  INFO -- : 2:  ci_reporter (1.6.9) from /opt/boxen/rbenv/versions/2.1.0-github1/lib/ruby/gems/2.1.0/specifications/ci_reporter-1.6.9.gemspec
I, [2014-05-23T11:34:53.611305 #70836]  INFO -- : 1:  webmock (1.7.10) from /opt/boxen/rbenv/versions/2.1.0-github1/lib/ruby/gems/2.1.0/specifications/webmock-1.7.10.gemspec
I, [2014-05-23T11:34:53.611353 #70835]  INFO -- : 0:  pry (0.9.12) from /opt/boxen/rbenv/versions/2.1.0-github1/lib/ruby/gems/2.1.0/specifications/pry-0.9.12.gemspec
I, [2014-05-23T11:34:53.611315 #70838]  INFO -- : 3:  rspec-expectations (2.13.0) from /opt/boxen/rbenv/versions/2.1.0-github1/lib/ruby/gems/2.1.0/specifications/rspec-expectations-2.13.0.gemspec
I, [2014-05-23T11:34:53.612419 #70836]  INFO -- : 1:  rspec (2.13.0) from /opt/boxen/rbenv/versions/2.1.0-github1/lib/ruby/gems/2.1.0/specifications/rspec-2.13.0.gemspec
I, [2014-05-23T11:34:53.975029 #70837]  INFO -- : 2:  selenium-webdriver (2.42.0.dev) from /Users/jari/src/selenium-travis/selenium-webdriver/selenium-webdriver.gemspec
I, [2014-08-29T23:25:37.994790 #10570]  INFO -- : 2:  rake (0.9.2.2) from /opt/boxen/rbenv/versions/2.1.0-github1/lib/ruby/gems/2.1.0/specifications/rake-0.9.2.2.gemspec
I, [2014-08-29T23:25:37.995297 #10568]  INFO -- : 0:  ffi (1.9.3) from /opt/boxen/rbenv/versions/2.1.0-github1/lib/ruby/gems/2.1.0/specifications/ffi-1.9.3.gemspec
I, [2014-08-29T23:25:37.998583 #10568]  INFO -- : 0:  crack (0.3.2) from /opt/boxen/rbenv/versions/2.1.0-github1/lib/ruby/gems/2.1.0/specifications/crack-0.3.2.gemspec
I, [2014-08-29T23:25:37.998641 #10570]  INFO -- : 2:  coderay (1.0.9) from /opt/boxen/rbenv/versions/2.1.0-github1/lib/ruby/gems/2.1.0/specifications/coderay-1.0.9.gemspec
I, [2014-08-29T23:25:38.000525 #10570]  INFO -- : 2:  diff-lcs (1.2.2) from /opt/boxen/rbenv/versions/2.1.0-github1/lib/ruby/gems/2.1.0/specifications/diff-lcs-1.2.2.gemspec
I, [2014-08-29T23:25:38.000764 #10568]  INFO -- : 0:  json (1.7.7) from /opt/boxen/rbenv/versions/2.1.0-github1/lib/ruby/gems/2.1.0/specifications/json-1.7.7.gemspec
I, [2014-08-29T23:25:38.001987 #10570]  INFO -- : 2:  method_source (0.8.1) from /opt/boxen/rbenv/versions/2.1.0-github1/lib/ruby/gems/2.1.0/specifications/method_source-0.8.1.gemspec
I, [2014-08-29T23:25:38.002351 #10568]  INFO -- : 0:  multi_json (1.10.1) from /opt/boxen/rbenv/versions/2.1.0-github1/lib/ruby/gems/2.1.0/specifications/multi_json-1.10.1.gemspec
I, [2014-08-29T23:25:38.003061 #10570]  INFO -- : 2:  slop (3.4.4) from /opt/boxen/rbenv/versions/2.1.0-github1/lib/ruby/gems/2.1.0/specifications/slop-3.4.4.gemspec
I, [2014-08-29T23:25:38.003172 #10568]  INFO -- : 0:  rack (1.5.2) from /opt/boxen/rbenv/versions/2.1.0-github1/lib/ruby/gems/2.1.0/specifications/rack-1.5.2.gemspec
I, [2014-08-29T23:25:38.004505 #10570]  INFO -- : 2:  rspec-core (2.13.1) from /opt/boxen/rbenv/versions/2.1.0-github1/lib/ruby/gems/2.1.0/specifications/rspec-core-2.13.1.gemspec
I, [2014-08-29T23:25:38.005963 #10568]  INFO -- : 0:  rspec-mocks (2.13.1) from /opt/boxen/rbenv/versions/2.1.0-github1/lib/ruby/gems/2.1.0/specifications/rspec-mocks-2.13.1.gemspec
I, [2014-08-29T23:25:38.006807 #10570]  INFO -- : 2:  rubyzip (1.1.6) from /opt/boxen/rbenv/versions/2.1.0-github1/lib/ruby/gems/2.1.0/specifications/rubyzip-1.1.6.gemspec
I, [2014-08-29T23:25:38.007662 #10568]  INFO -- : 0:  websocket (1.2.0) from /opt/boxen/rbenv/versions/2.1.0-github1/lib/ruby/gems/2.1.0/specifications/websocket-1.2.0.gemspec
I, [2014-08-29T23:25:38.008238 #10570]  INFO -- : 2:  bundler (1.5.1) from /opt/boxen/rbenv/versions/2.1.0-github1/lib/ruby/gems/2.1.0/specifications/bundler-1.5.1.gemspec
I, [2014-08-29T23:25:38.013335 #10570]  INFO -- : 2:  rspec-expectations (2.13.0) from /opt/boxen/rbenv/versions/2.1.0-github1/lib/ruby/gems/2.1.0/specifications/rspec-expectations-2.13.0.gemspec
I, [2014-08-29T23:25:38.013579 #10568]  INFO -- : 0:  childprocess (0.5.3) from /opt/boxen/rbenv/versions/2.1.0-github1/lib/ruby/gems/2.1.0/specifications/childprocess-0.5.3.gemspec
I, [2014-08-29T23:25:38.014640 #10569]  INFO -- : 1:  addressable (2.3.3) from /opt/boxen/rbenv/versions/2.1.0-github1/lib/ruby/gems/2.1.0/specifications/addressable-2.3.3.gemspec
I, [2014-08-29T23:25:38.014855 #10570]  INFO -- : 2:  pry (0.9.12) from /opt/boxen/rbenv/versions/2.1.0-github1/lib/ruby/gems/2.1.0/specifications/pry-0.9.12.gemspec
I, [2014-08-29T23:25:38.015792 #10571]  INFO -- : 3:  builder (3.2.0) from /opt/boxen/rbenv/versions/2.1.0-github1/lib/ruby/gems/2.1.0/specifications/builder-3.2.0.gemspec
I, [2014-08-29T23:25:38.016861 #10568]  INFO -- : 0:  rspec (2.13.0) from /opt/boxen/rbenv/versions/2.1.0-github1/lib/ruby/gems/2.1.0/specifications/rspec-2.13.0.gemspec
I, [2014-08-29T23:25:38.022111 #10569]  INFO -- : 1:  webmock (1.7.10) from /opt/boxen/rbenv/versions/2.1.0-github1/lib/ruby/gems/2.1.0/specifications/webmock-1.7.10.gemspec
I, [2014-08-29T23:25:38.023996 #10571]  INFO -- : 3:  ci_reporter (1.6.9) from /opt/boxen/rbenv/versions/2.1.0-github1/lib/ruby/gems/2.1.0/specifications/ci_reporter-1.6.9.gemspec
I, [2014-08-29T23:25:38.597735 #10570]  INFO -- : 2:  selenium-webdriver (2.43.0.dev) from /Users/jari/src/selenium-travis/selenium-webdriver/selenium-webdriver.gemspec
